<?xml version="1.0" encoding="UTF-8" ?>
<testsuite errors="1" failures="0" hostname="WIN-SH6BKF1BS8O" name="lft.wdhbdemo.LeanFtTest" skipped="0" tests="2" time="136.128" timestamp="2016-02-17T00:49:53">
  <properties>
[...]
</properties>
  <testcase classname="lft.wdhbdemo.LeanFtTest" name="selectMenuItem" time="30.156">
    <error message="General Error occurred" type="com.hp.lft.sdk.GeneralServerErrorException">com.hp.lft.sdk.GeneralServerErrorException: General Error occurred
	at com.hp.lft.sdk.internal.GeneralExceptionFactory$1.create(GeneralExceptionFactory.java:27)
	at com.hp.lft.sdk.internal.GeneralExceptionFactory.createException(GeneralExceptionFactory.java:127)
	at com.hp.lft.sdk.internal.GeneralExceptionFactory.createException(GeneralExceptionFactory.java:8)
	at com.hp.lft.sdk.internal.CommunicationClientImpl.handleError(CommunicationClientImpl.java:214)
	at com.hp.lft.sdk.internal.CommunicationClientImpl.send(CommunicationClientImpl.java:95)
	at com.hp.lft.sdk.web.BrowserFactory$BrowserFactoryInstance$1.invoke(BrowserFactory.java:98)
	at com.hp.lft.sdk.web.BrowserFactory$BrowserFactoryInstance$1.invoke(BrowserFactory.java:89)
	at com.hp.lft.sdk.internal.TestObjectOperationWrapper.executeWithEvents(TestObjectOperationWrapper.java:115)
	at com.hp.lft.sdk.internal.TestObjectOperationWrapper.executeWithEvents(TestObjectOperationWrapper.java:92)
	at com.hp.lft.sdk.web.BrowserFactory$BrowserFactoryInstance.launch(BrowserFactory.java:105)
	at com.hp.lft.sdk.web.BrowserFactory.launch(BrowserFactory.java:41)
	at lft.wdhbdemo.LeanFtTest.setUp(Unknown Source)
</error>
  </testcase>
  <testcase classname="lft.wdhbdemo.LeanFtTest" name="nagivate" time="89.061" />
  <system-out><![CDATA[]]></system-out>
  <system-err><![CDATA[]]></system-err>
</testsuite>
